<?xml version="1.0" encoding="UTF-8"?>
<testsuite xmlns:xsi="http://www.w3.org/2001/XMLSchema-instance" xsi:noNamespaceSchemaLocation="https://maven.apache.org/surefire/maven-surefire-plugin/xsd/surefire-test-report.xsd" name="com.dewdropper.datastore.eventstore.EventStoreUtilsTest" time="0.302" tests="4" errors="0" skipped="0" failures="0">
  <properties>
    <property name="gopherProxySet" value="false"/>
    <property name="awt.toolkit" value="sun.lwawt.macosx.LWCToolkit"/>
    <property name="java.specification.version" value="11"/>
    <property name="sun.cpu.isalist" value=""/>
    <property name="sun.jnu.encoding" value="UTF-8"/>
    <property name="java.class.path" value="/Users/mattmacchia/Documents/dev/mine/dewdropper/target/test-classes:/Users/mattmacchia/Documents/dev/mine/dewdropper/target/classes:/Users/mattmacchia/.m2/repository/org/springframework/spring-core/5.3.19/spring-core-5.3.19.jar:/Users/mattmacchia/.m2/repository/org/springframework/spring-jcl/5.3.19/spring-jcl-5.3.19.jar:/Users/mattmacchia/.m2/repository/org/springframework/spring-context/5.3.19/spring-context-5.3.19.jar:/Users/mattmacchia/.m2/repository/org/springframework/spring-aop/5.3.19/spring-aop-5.3.19.jar:/Users/mattmacchia/.m2/repository/org/springframework/spring-beans/5.3.19/spring-beans-5.3.19.jar:/Users/mattmacchia/.m2/repository/org/springframework/spring-expression/5.3.19/spring-expression-5.3.19.jar:/Users/mattmacchia/.m2/repository/org/javassist/javassist/3.23.1-GA/javassist-3.23.1-GA.jar:/Users/mattmacchia/.m2/repository/org/yaml/snakeyaml/1.30/snakeyaml-1.30.jar:/Users/mattmacchia/.m2/repository/org/projectlombok/lombok/1.18.20/lombok-1.18.20.jar:/Users/mattmacchia/.m2/repository/org/apache/logging/log4j/log4j-api/2.17.2/log4j-api-2.17.2.jar:/Users/mattmacchia/.m2/repository/org/apache/logging/log4j/log4j-core/2.17.2/log4j-core-2.17.2.jar:/Users/mattmacchia/.m2/repository/com/fasterxml/jackson/core/jackson-core/2.12.1/jackson-core-2.12.1.jar:/Users/mattmacchia/.m2/repository/com/fasterxml/jackson/datatype/jackson-datatype-jsr310/2.12.1/jackson-datatype-jsr310-2.12.1.jar:/Users/mattmacchia/.m2/repository/com/fasterxml/jackson/core/jackson-databind/2.12.1/jackson-databind-2.12.1.jar:/Users/mattmacchia/.m2/repository/com/fasterxml/jackson/core/jackson-annotations/2.12.1/jackson-annotations-2.12.1.jar:/Users/mattmacchia/.m2/repository/org/modelmapper/modelmapper/3.0.0/modelmapper-3.0.0.jar:/Users/mattmacchia/.m2/repository/org/junit/jupiter/junit-jupiter/5.8.2/junit-jupiter-5.8.2.jar:/Users/mattmacchia/.m2/repository/org/junit/jupiter/junit-jupiter-api/5.8.2/junit-jupiter-api-5.8.2.jar:/Users/mattmacchia/.m2/repository/org/opentest4j/opentest4j/1.2.0/opentest4j-1.2.0.jar:/Users/mattmacchia/.m2/repository/org/junit/platform/junit-platform-commons/1.8.2/junit-platform-commons-1.8.2.jar:/Users/mattmacchia/.m2/repository/org/apiguardian/apiguardian-api/1.1.2/apiguardian-api-1.1.2.jar:/Users/mattmacchia/.m2/repository/org/junit/jupiter/junit-jupiter-params/5.8.2/junit-jupiter-params-5.8.2.jar:/Users/mattmacchia/.m2/repository/org/junit/jupiter/junit-jupiter-engine/5.8.2/junit-jupiter-engine-5.8.2.jar:/Users/mattmacchia/.m2/repository/org/junit/platform/junit-platform-engine/1.8.2/junit-platform-engine-1.8.2.jar:/Users/mattmacchia/.m2/repository/org/awaitility/awaitility/4.2.0/awaitility-4.2.0.jar:/Users/mattmacchia/.m2/repository/org/hamcrest/hamcrest/2.1/hamcrest-2.1.jar:/Users/mattmacchia/.m2/repository/org/hamcrest/hamcrest-core/2.2/hamcrest-core-2.2.jar:/Users/mattmacchia/.m2/repository/org/mockito/mockito-core/3.12.4/mockito-core-3.12.4.jar:/Users/mattmacchia/.m2/repository/net/bytebuddy/byte-buddy/1.11.13/byte-buddy-1.11.13.jar:/Users/mattmacchia/.m2/repository/net/bytebuddy/byte-buddy-agent/1.11.13/byte-buddy-agent-1.11.13.jar:/Users/mattmacchia/.m2/repository/org/objenesis/objenesis/3.2/objenesis-3.2.jar:/Users/mattmacchia/.m2/repository/org/mockito/mockito-inline/3.12.4/mockito-inline-3.12.4.jar:/Users/mattmacchia/.m2/repository/org/mockito/mockito-junit-jupiter/3.12.4/mockito-junit-jupiter-3.12.4.jar:/Users/mattmacchia/.m2/repository/org/reflections/reflections/0.10.2/reflections-0.10.2.jar:/Users/mattmacchia/.m2/repository/com/google/code/findbugs/jsr305/3.0.2/jsr305-3.0.2.jar:/Users/mattmacchia/.m2/repository/org/slf4j/slf4j-api/1.7.32/slf4j-api-1.7.32.jar:/Users/mattmacchia/.m2/repository/org/apache/commons/commons-lang3/3.12.0/commons-lang3-3.12.0.jar:/Users/mattmacchia/.m2/repository/org/apache/commons/commons-collections4/4.4/commons-collections4-4.4.jar:/Users/mattmacchia/.m2/repository/org/apache/commons/commons-text/1.9/commons-text-1.9.jar:/Users/mattmacchia/.m2/repository/com/eventstore/db-client-java/1.1.1-SNAPSHOT/db-client-java-1.1.1-SNAPSHOT.jar:/Users/mattmacchia/.m2/repository/org/reactivestreams/reactive-streams/1.0.3/reactive-streams-1.0.3.jar:/Users/mattmacchia/.m2/repository/javax/annotation/javax.annotation-api/1.3.2/javax.annotation-api-1.3.2.jar:/Users/mattmacchia/.m2/repository/javax/validation/validation-api/2.0.1.Final/validation-api-2.0.1.Final.jar:/Users/mattmacchia/.m2/repository/com/google/protobuf/protobuf-java/3.12.2/protobuf-java-3.12.2.jar:/Users/mattmacchia/.m2/repository/com/google/protobuf/protobuf-java-util/3.12.2/protobuf-java-util-3.12.2.jar:/Users/mattmacchia/.m2/repository/com/google/guava/guava/29.0-android/guava-29.0-android.jar:/Users/mattmacchia/.m2/repository/com/google/guava/failureaccess/1.0.1/failureaccess-1.0.1.jar:/Users/mattmacchia/.m2/repository/com/google/guava/listenablefuture/9999.0-empty-to-avoid-conflict-with-guava/listenablefuture-9999.0-empty-to-avoid-conflict-with-guava.jar:/Users/mattmacchia/.m2/repository/org/checkerframework/checker-compat-qual/2.5.5/checker-compat-qual-2.5.5.jar:/Users/mattmacchia/.m2/repository/com/google/j2objc/j2objc-annotations/1.3/j2objc-annotations-1.3.jar:/Users/mattmacchia/.m2/repository/com/google/errorprone/error_prone_annotations/2.3.4/error_prone_annotations-2.3.4.jar:/Users/mattmacchia/.m2/repository/com/google/code/gson/gson/2.8.6/gson-2.8.6.jar:/Users/mattmacchia/.m2/repository/io/grpc/grpc-netty-shaded/1.31.1/grpc-netty-shaded-1.31.1.jar:/Users/mattmacchia/.m2/repository/io/grpc/grpc-core/1.31.1/grpc-core-1.31.1.jar:/Users/mattmacchia/.m2/repository/com/google/android/annotations/4.1.1.4/annotations-4.1.1.4.jar:/Users/mattmacchia/.m2/repository/io/perfmark/perfmark-api/0.19.0/perfmark-api-0.19.0.jar:/Users/mattmacchia/.m2/repository/io/grpc/grpc-stub/1.31.1/grpc-stub-1.31.1.jar:/Users/mattmacchia/.m2/repository/io/grpc/grpc-api/1.31.1/grpc-api-1.31.1.jar:/Users/mattmacchia/.m2/repository/io/grpc/grpc-context/1.31.1/grpc-context-1.31.1.jar:/Users/mattmacchia/.m2/repository/org/codehaus/mojo/animal-sniffer-annotations/1.18/animal-sniffer-annotations-1.18.jar:/Users/mattmacchia/.m2/repository/io/grpc/grpc-protobuf/1.31.1/grpc-protobuf-1.31.1.jar:/Users/mattmacchia/.m2/repository/com/google/api/grpc/proto-google-common-protos/1.17.0/proto-google-common-protos-1.17.0.jar:/Users/mattmacchia/.m2/repository/io/grpc/grpc-protobuf-lite/1.31.1/grpc-protobuf-lite-1.31.1.jar:"/>
    <property name="java.vm.vendor" value="AdoptOpenJDK"/>
    <property name="sun.arch.data.model" value="64"/>
    <property name="java.vendor.url" value="https://adoptopenjdk.net/"/>
    <property name="user.timezone" value=""/>
    <property name="java.vm.specification.version" value="11"/>
    <property name="os.name" value="Mac OS X"/>
    <property name="sun.java.launcher" value="SUN_STANDARD"/>
    <property name="user.country" value="US"/>
    <property name="sun.boot.library.path" value="/Library/Java/JavaVirtualMachines/adoptopenjdk-11.jdk/Contents/Home/lib"/>
    <property name="sun.java.command" value="/Users/mattmacchia/Documents/dev/mine/dewdropper/target/surefire/surefirebooter5156583851544042269.jar /Users/mattmacchia/Documents/dev/mine/dewdropper/target/surefire 2022-05-12T10-09-44_107-jvmRun1 surefire12213052168101831770tmp surefire_07905411325506338407tmp"/>
    <property name="http.nonProxyHosts" value="local|*.local|169.254/16|*.169.254/16"/>
    <property name="jdk.debug" value="release"/>
    <property name="surefire.test.class.path" value="/Users/mattmacchia/Documents/dev/mine/dewdropper/target/test-classes:/Users/mattmacchia/Documents/dev/mine/dewdropper/target/classes:/Users/mattmacchia/.m2/repository/org/springframework/spring-core/5.3.19/spring-core-5.3.19.jar:/Users/mattmacchia/.m2/repository/org/springframework/spring-jcl/5.3.19/spring-jcl-5.3.19.jar:/Users/mattmacchia/.m2/repository/org/springframework/spring-context/5.3.19/spring-context-5.3.19.jar:/Users/mattmacchia/.m2/repository/org/springframework/spring-aop/5.3.19/spring-aop-5.3.19.jar:/Users/mattmacchia/.m2/repository/org/springframework/spring-beans/5.3.19/spring-beans-5.3.19.jar:/Users/mattmacchia/.m2/repository/org/springframework/spring-expression/5.3.19/spring-expression-5.3.19.jar:/Users/mattmacchia/.m2/repository/org/javassist/javassist/3.23.1-GA/javassist-3.23.1-GA.jar:/Users/mattmacchia/.m2/repository/org/yaml/snakeyaml/1.30/snakeyaml-1.30.jar:/Users/mattmacchia/.m2/repository/org/projectlombok/lombok/1.18.20/lombok-1.18.20.jar:/Users/mattmacchia/.m2/repository/org/apache/logging/log4j/log4j-api/2.17.2/log4j-api-2.17.2.jar:/Users/mattmacchia/.m2/repository/org/apache/logging/log4j/log4j-core/2.17.2/log4j-core-2.17.2.jar:/Users/mattmacchia/.m2/repository/com/fasterxml/jackson/core/jackson-core/2.12.1/jackson-core-2.12.1.jar:/Users/mattmacchia/.m2/repository/com/fasterxml/jackson/datatype/jackson-datatype-jsr310/2.12.1/jackson-datatype-jsr310-2.12.1.jar:/Users/mattmacchia/.m2/repository/com/fasterxml/jackson/core/jackson-databind/2.12.1/jackson-databind-2.12.1.jar:/Users/mattmacchia/.m2/repository/com/fasterxml/jackson/core/jackson-annotations/2.12.1/jackson-annotations-2.12.1.jar:/Users/mattmacchia/.m2/repository/org/modelmapper/modelmapper/3.0.0/modelmapper-3.0.0.jar:/Users/mattmacchia/.m2/repository/org/junit/jupiter/junit-jupiter/5.8.2/junit-jupiter-5.8.2.jar:/Users/mattmacchia/.m2/repository/org/junit/jupiter/junit-jupiter-api/5.8.2/junit-jupiter-api-5.8.2.jar:/Users/mattmacchia/.m2/repository/org/opentest4j/opentest4j/1.2.0/opentest4j-1.2.0.jar:/Users/mattmacchia/.m2/repository/org/junit/platform/junit-platform-commons/1.8.2/junit-platform-commons-1.8.2.jar:/Users/mattmacchia/.m2/repository/org/apiguardian/apiguardian-api/1.1.2/apiguardian-api-1.1.2.jar:/Users/mattmacchia/.m2/repository/org/junit/jupiter/junit-jupiter-params/5.8.2/junit-jupiter-params-5.8.2.jar:/Users/mattmacchia/.m2/repository/org/junit/jupiter/junit-jupiter-engine/5.8.2/junit-jupiter-engine-5.8.2.jar:/Users/mattmacchia/.m2/repository/org/junit/platform/junit-platform-engine/1.8.2/junit-platform-engine-1.8.2.jar:/Users/mattmacchia/.m2/repository/org/awaitility/awaitility/4.2.0/awaitility-4.2.0.jar:/Users/mattmacchia/.m2/repository/org/hamcrest/hamcrest/2.1/hamcrest-2.1.jar:/Users/mattmacchia/.m2/repository/org/hamcrest/hamcrest-core/2.2/hamcrest-core-2.2.jar:/Users/mattmacchia/.m2/repository/org/mockito/mockito-core/3.12.4/mockito-core-3.12.4.jar:/Users/mattmacchia/.m2/repository/net/bytebuddy/byte-buddy/1.11.13/byte-buddy-1.11.13.jar:/Users/mattmacchia/.m2/repository/net/bytebuddy/byte-buddy-agent/1.11.13/byte-buddy-agent-1.11.13.jar:/Users/mattmacchia/.m2/repository/org/objenesis/objenesis/3.2/objenesis-3.2.jar:/Users/mattmacchia/.m2/repository/org/mockito/mockito-inline/3.12.4/mockito-inline-3.12.4.jar:/Users/mattmacchia/.m2/repository/org/mockito/mockito-junit-jupiter/3.12.4/mockito-junit-jupiter-3.12.4.jar:/Users/mattmacchia/.m2/repository/org/reflections/reflections/0.10.2/reflections-0.10.2.jar:/Users/mattmacchia/.m2/repository/com/google/code/findbugs/jsr305/3.0.2/jsr305-3.0.2.jar:/Users/mattmacchia/.m2/repository/org/slf4j/slf4j-api/1.7.32/slf4j-api-1.7.32.jar:/Users/mattmacchia/.m2/repository/org/apache/commons/commons-lang3/3.12.0/commons-lang3-3.12.0.jar:/Users/mattmacchia/.m2/repository/org/apache/commons/commons-collections4/4.4/commons-collections4-4.4.jar:/Users/mattmacchia/.m2/repository/org/apache/commons/commons-text/1.9/commons-text-1.9.jar:/Users/mattmacchia/.m2/repository/com/eventstore/db-client-java/1.1.1-SNAPSHOT/db-client-java-1.1.1-SNAPSHOT.jar:/Users/mattmacchia/.m2/repository/org/reactivestreams/reactive-streams/1.0.3/reactive-streams-1.0.3.jar:/Users/mattmacchia/.m2/repository/javax/annotation/javax.annotation-api/1.3.2/javax.annotation-api-1.3.2.jar:/Users/mattmacchia/.m2/repository/javax/validation/validation-api/2.0.1.Final/validation-api-2.0.1.Final.jar:/Users/mattmacchia/.m2/repository/com/google/protobuf/protobuf-java/3.12.2/protobuf-java-3.12.2.jar:/Users/mattmacchia/.m2/repository/com/google/protobuf/protobuf-java-util/3.12.2/protobuf-java-util-3.12.2.jar:/Users/mattmacchia/.m2/repository/com/google/guava/guava/29.0-android/guava-29.0-android.jar:/Users/mattmacchia/.m2/repository/com/google/guava/failureaccess/1.0.1/failureaccess-1.0.1.jar:/Users/mattmacchia/.m2/repository/com/google/guava/listenablefuture/9999.0-empty-to-avoid-conflict-with-guava/listenablefuture-9999.0-empty-to-avoid-conflict-with-guava.jar:/Users/mattmacchia/.m2/repository/org/checkerframework/checker-compat-qual/2.5.5/checker-compat-qual-2.5.5.jar:/Users/mattmacchia/.m2/repository/com/google/j2objc/j2objc-annotations/1.3/j2objc-annotations-1.3.jar:/Users/mattmacchia/.m2/repository/com/google/errorprone/error_prone_annotations/2.3.4/error_prone_annotations-2.3.4.jar:/Users/mattmacchia/.m2/repository/com/google/code/gson/gson/2.8.6/gson-2.8.6.jar:/Users/mattmacchia/.m2/repository/io/grpc/grpc-netty-shaded/1.31.1/grpc-netty-shaded-1.31.1.jar:/Users/mattmacchia/.m2/repository/io/grpc/grpc-core/1.31.1/grpc-core-1.31.1.jar:/Users/mattmacchia/.m2/repository/com/google/android/annotations/4.1.1.4/annotations-4.1.1.4.jar:/Users/mattmacchia/.m2/repository/io/perfmark/perfmark-api/0.19.0/perfmark-api-0.19.0.jar:/Users/mattmacchia/.m2/repository/io/grpc/grpc-stub/1.31.1/grpc-stub-1.31.1.jar:/Users/mattmacchia/.m2/repository/io/grpc/grpc-api/1.31.1/grpc-api-1.31.1.jar:/Users/mattmacchia/.m2/repository/io/grpc/grpc-context/1.31.1/grpc-context-1.31.1.jar:/Users/mattmacchia/.m2/repository/org/codehaus/mojo/animal-sniffer-annotations/1.18/animal-sniffer-annotations-1.18.jar:/Users/mattmacchia/.m2/repository/io/grpc/grpc-protobuf/1.31.1/grpc-protobuf-1.31.1.jar:/Users/mattmacchia/.m2/repository/com/google/api/grpc/proto-google-common-protos/1.17.0/proto-google-common-protos-1.17.0.jar:/Users/mattmacchia/.m2/repository/io/grpc/grpc-protobuf-lite/1.31.1/grpc-protobuf-lite-1.31.1.jar:"/>
    <property name="sun.cpu.endian" value="little"/>
    <property name="user.home" value="/Users/mattmacchia"/>
    <property name="user.language" value="en"/>
    <property name="java.specification.vendor" value="Oracle Corporation"/>
    <property name="java.version.date" value="2021-04-20"/>
    <property name="java.home" value="/Library/Java/JavaVirtualMachines/adoptopenjdk-11.jdk/Contents/Home"/>
    <property name="file.separator" value="/"/>
    <property name="basedir" value="/Users/mattmacchia/Documents/dev/mine/dewdropper"/>
    <property name="java.vm.compressedOopsMode" value="Zero based"/>
    <property name="line.separator" value="&#10;"/>
    <property name="java.specification.name" value="Java Platform API Specification"/>
    <property name="java.vm.specification.vendor" value="Oracle Corporation"/>
    <property name="java.awt.graphicsenv" value="sun.awt.CGraphicsEnvironment"/>
    <property name="surefire.real.class.path" value="/Users/mattmacchia/Documents/dev/mine/dewdropper/target/surefire/surefirebooter5156583851544042269.jar"/>
    <property name="sun.management.compiler" value="HotSpot 64-Bit Tiered Compilers"/>
    <property name="ftp.nonProxyHosts" value="local|*.local|169.254/16|*.169.254/16"/>
    <property name="java.runtime.version" value="11.0.11+9"/>
    <property name="user.name" value="mattmacchia"/>
    <property name="path.separator" value=":"/>
    <property name="os.version" value="11.3"/>
    <property name="java.runtime.name" value="OpenJDK Runtime Environment"/>
    <property name="file.encoding" value="UTF-8"/>
    <property name="java.vm.name" value="OpenJDK 64-Bit Server VM"/>
    <property name="java.vendor.version" value="AdoptOpenJDK-11.0.11+9"/>
    <property name="localRepository" value="/Users/mattmacchia/.m2/repository"/>
    <property name="java.vendor.url.bug" value="https://github.com/AdoptOpenJDK/openjdk-support/issues"/>
    <property name="java.io.tmpdir" value="/var/folders/xd/rw34z0z56v9dzz3tzf2zw70w0000gn/T/"/>
    <property name="idea.version" value="2022.1"/>
    <property name="java.version" value="11.0.11"/>
    <property name="user.dir" value="/Users/mattmacchia/Documents/dev/mine/dewdropper"/>
    <property name="os.arch" value="x86_64"/>
    <property name="java.vm.specification.name" value="Java Virtual Machine Specification"/>
    <property name="java.awt.printerjob" value="sun.lwawt.macosx.CPrinterJob"/>
    <property name="sun.os.patch.level" value="unknown"/>
    <property name="java.library.path" value="/Users/mattmacchia/Library/Java/Extensions:/Library/Java/Extensions:/Network/Library/Java/Extensions:/System/Library/Java/Extensions:/usr/lib/java:."/>
    <property name="java.vm.info" value="mixed mode"/>
    <property name="java.vendor" value="AdoptOpenJDK"/>
    <property name="java.vm.version" value="11.0.11+9"/>
    <property name="sun.io.unicode.encoding" value="UnicodeBig"/>
    <property name="java.class.version" value="55.0"/>
    <property name="socksNonProxyHosts" value="local|*.local|169.254/16|*.169.254/16"/>
  </properties>
  <testcase name="createListener" classname="com.dewdropper.datastore.eventstore.EventStoreUtilsTest" time="0.285"/>
  <testcase name="options" classname="com.dewdropper.datastore.eventstore.EventStoreUtilsTest" time="0.005"/>
  <testcase name="toStreamReadResults" classname="com.dewdropper.datastore.eventstore.EventStoreUtilsTest" time="0.007"/>
  <testcase name="toReadEventData" classname="com.dewdropper.datastore.eventstore.EventStoreUtilsTest" time="0.001"/>
</testsuite>